<?xml version="1.0" encoding="UTF-8"?>
<!-- Generated by org.testng.reporters.JUnitXMLReporter -->
<testsuite hostname="ksudharm" ignored="0" name="Default test" tests="3" failures="0" timestamp="11 Aug 2019 18:29:59 GMT" time="10.424" errors="0">
  <testcase name="testcase1" time="0.008" classname="DemoTestNg.Demo9"/>
  <testcase name="testcase2" time="0.003" classname="DemoTestNg.Demo9"/>
  <testcase name="testcase3" time="0.002" classname="DemoTestNg.Demo9"/>
</testsuite> <!-- Default test -->
