<?xml version="1.0" encoding="UTF-8"?>
<!-- Generated by org.testng.reporters.JUnitXMLReporter -->
<testsuite hostname="ksudharm" ignored="1" name="Demo9SmokeTest" tests="2" failures="0" timestamp="11 Aug 2019 18:38:33 GMT" time="0.061" errors="0">
  <testcase name="testcase1" time="0.023" classname="DemoTestNg.Demo9"/>
  <testcase name="testcase2" time="0.004" classname="DemoTestNg.Demo9"/>
  <testcase name="testcase3" time="0.0" classname="DemoTestNg.Demo9">
    <ignored/>
  </testcase> <!-- testcase3 -->
</testsuite> <!-- Demo9SmokeTest -->
