<?xml version="1.0" encoding="UTF-8"?>
<!-- Generated by org.testng.reporters.JUnitXMLReporter -->
<testsuite hostname="ksudharm" ignored="0" name="Default test(failed)" tests="1" failures="1" timestamp="11 Aug 2019 15:57:42 GMT" time="7.88" errors="0">
  <testcase name="f" time="0.007" classname="DemoTestNg.Demo3">
    <failure type="java.lang.NullPointerException">
      <![CDATA[java.lang.NullPointerException
	at DemoTestNg.Demo3.f(Demo3.java:17)
... Removed 25 stack frames]]>
    </failure>
  </testcase> <!-- f -->
</testsuite> <!-- Default test(failed) -->
